[1.292s] Invoking command in '/home/numashuto/ros2_ws/src/mypkg': PYTHONPATH=/home/numashuto/ros2_ws/src/mypkg/build/mypkg/prefix_override:/home/numashuto/ros2_ws/src/mypkg/install/mypkg/lib/python3.8/site-packages:${PYTHONPATH} /usr/bin/python3 setup.py egg_info --egg-base build/mypkg build --build-base /home/numashuto/ros2_ws/src/mypkg/build/mypkg/build install --record /home/numashuto/ros2_ws/src/mypkg/build/mypkg/install.log --install-scripts $base/lib/mypkg --single-version-externally-managed
[1.507s] running egg_info
[1.507s] writing build/mypkg/mypkg.egg-info/PKG-INFO
[1.512s] writing dependency_links to build/mypkg/mypkg.egg-info/dependency_links.txt
[1.512s] writing entry points to build/mypkg/mypkg.egg-info/entry_points.txt
[1.512s] writing requirements to build/mypkg/mypkg.egg-info/requires.txt
[1.537s] writing top-level names to build/mypkg/mypkg.egg-info/top_level.txt
[1.580s] reading manifest file 'build/mypkg/mypkg.egg-info/SOURCES.txt'
[1.581s] writing manifest file 'build/mypkg/mypkg.egg-info/SOURCES.txt'
[1.581s] running build
[1.582s] running build_py
[1.582s] copying mypkg/talker.py -> /home/numashuto/ros2_ws/src/mypkg/build/mypkg/build/lib/mypkg
[1.583s] running install
[1.584s] running install_lib
[1.585s] copying /home/numashuto/ros2_ws/src/mypkg/build/mypkg/build/lib/mypkg/talker.py -> /home/numashuto/ros2_ws/src/mypkg/install/mypkg/lib/python3.8/site-packages/mypkg
[1.586s] byte-compiling /home/numashuto/ros2_ws/src/mypkg/install/mypkg/lib/python3.8/site-packages/mypkg/talker.py to talker.cpython-38.pyc
[1.590s] running install_data
[1.590s] running install_egg_info
[1.592s] removing '/home/numashuto/ros2_ws/src/mypkg/install/mypkg/lib/python3.8/site-packages/mypkg-0.0.0-py3.8.egg-info' (and everything under it)
[1.596s] Copying build/mypkg/mypkg.egg-info to /home/numashuto/ros2_ws/src/mypkg/install/mypkg/lib/python3.8/site-packages/mypkg-0.0.0-py3.8.egg-info
[1.602s] running install_scripts
[1.618s] Installing listener script to /home/numashuto/ros2_ws/src/mypkg/install/mypkg/lib/mypkg
[1.619s] Installing talker script to /home/numashuto/ros2_ws/src/mypkg/install/mypkg/lib/mypkg
[1.620s] writing list of installed files to '/home/numashuto/ros2_ws/src/mypkg/build/mypkg/install.log'
[1.647s] Invoked command in '/home/numashuto/ros2_ws/src/mypkg' returned '0': PYTHONPATH=/home/numashuto/ros2_ws/src/mypkg/build/mypkg/prefix_override:/home/numashuto/ros2_ws/src/mypkg/install/mypkg/lib/python3.8/site-packages:${PYTHONPATH} /usr/bin/python3 setup.py egg_info --egg-base build/mypkg build --build-base /home/numashuto/ros2_ws/src/mypkg/build/mypkg/build install --record /home/numashuto/ros2_ws/src/mypkg/build/mypkg/install.log --install-scripts $base/lib/mypkg --single-version-externally-managed
